
========================================
Cron pipeline started: Thu Mar 12 16:06:49 PST 2026
========================================
2026-03-12 16:06:49.850 | INFO     | systems.utils.db:initialize_schema:27 - Initializing schema at data/processed/macro.db
2026-03-12 16:06:49.857 | INFO     | systems.utils.db:initialize_schema:112 - Schema initialized successfully.

FRED Pipeline — INCREMENTAL (90d)
Fetching 28 series...

2026-03-12 16:07:14.196 | ERROR    | __main__:fetch_series:201 -   FRED fetch error (GOLDAMGBD228NLBM): Bad Request.  The series does not exist.
Fetching... ━━━━━━━━━━━━━━━━━━━━━━━━━━━━━━━━━━━━━━━━ 100% 0:00:24
                               FRED Fetch Summary                               
┏━━━━━━━━━━━━━━━━━━━━┳━━━━━━━━━━━━━━━━━━┳━━━━━━━━━━━━━━━━━━━┳━━━━━━━━━━━┳━━━━━━┓
┃ Name               ┃ FRED ID          ┃ Label             ┃ Status    ┃ Rows ┃
┡━━━━━━━━━━━━━━━━━━━━╇━━━━━━━━━━━━━━━━━━╇━━━━━━━━━━━━━━━━━━━╇━━━━━━━━━━━╇━━━━━━┩
│ fed_funds          │ FEDFUNDS         │ Fed Funds Rate    │ ✓         │    3 │
├────────────────────┼──────────────────┼───────────────────┼───────────┼──────┤
│ treasury_10y       │ GS10             │ 10Y Treasury      │ ✓         │    3 │
│                    │                  │ Yield             │           │      │
├────────────────────┼──────────────────┼───────────────────┼───────────┼──────┤
│ treasury_2y        │ GS2              │ 2Y Treasury Yield │ ✓         │    3 │
├────────────────────┼──────────────────┼───────────────────┼───────────┼──────┤
│ treasury_3m        │ GS3M             │ 3M Treasury Yield │ ✓         │    3 │
├────────────────────┼──────────────────┼───────────────────┼───────────┼──────┤
│ yield_curve_10_2   │ T10Y2Y           │ 10Y-2Y Yield      │ ✓         │   60 │
│                    │                  │ Spread            │           │      │
├────────────────────┼──────────────────┼───────────────────┼───────────┼──────┤
│ yield_curve_10_3   │ T10Y3M           │ 10Y-3M Yield      │ ✓         │   60 │
│                    │                  │ Spread            │           │      │
├────────────────────┼──────────────────┼───────────────────┼───────────┼──────┤
│ real_rate_10y      │ DFII10           │ 10Y Real Rate     │ ✓         │   59 │
│                    │                  │ (TIPS)            │           │      │
├────────────────────┼──────────────────┼───────────────────┼───────────┼──────┤
│ vix                │ VIXCLS           │ VIX (CBOE)        │ ✓         │   61 │
├────────────────────┼──────────────────┼───────────────────┼───────────┼──────┤
│ hy_spread          │ BAMLH0A0HYM2     │ HY Credit Spread  │ ✓         │   63 │
│                    │                  │ (OAS)             │           │      │
├────────────────────┼──────────────────┼───────────────────┼───────────┼──────┤
│ ig_spread          │ BAMLC0A0CM       │ IG Credit Spread  │ ✓         │   63 │
│                    │                  │ (OAS)             │           │      │
├────────────────────┼──────────────────┼───────────────────┼───────────┼──────┤
│ industrial_prod    │ INDPRO           │ Industrial        │ ✓         │    2 │
│                    │                  │ Production        │           │      │
├────────────────────┼──────────────────┼───────────────────┼───────────┼──────┤
│ retail_sales       │ RSAFS            │ Retail Sales      │ ✓         │    2 │
├────────────────────┼──────────────────┼───────────────────┼───────────┼──────┤
│ leading_index      │ USSLIND          │ Leading Index     │ ⚠ NO DATA │    0 │
│                    │                  │ (CB)              │           │      │
├────────────────────┼──────────────────┼───────────────────┼───────────┼──────┤
│ unemployment       │ UNRATE           │ Unemployment Rate │ ✓         │    3 │
├────────────────────┼──────────────────┼───────────────────┼───────────┼──────┤
│ nfp                │ PAYEMS           │ Nonfarm Payrolls  │ ✓         │    3 │
├────────────────────┼──────────────────┼───────────────────┼───────────┼──────┤
│ jobless_claims     │ ICSA             │ Initial Jobless   │ ✓         │   12 │
│                    │                  │ Claims            │           │      │
├────────────────────┼──────────────────┼───────────────────┼───────────┼──────┤
│ cpi_yoy            │ CPIAUCSL         │ CPI (All Items)   │ ✓         │    3 │
├────────────────────┼──────────────────┼───────────────────┼───────────┼──────┤
│ core_cpi           │ CPILFESL         │ Core CPI (ex F&E) │ ✓         │    3 │
├────────────────────┼──────────────────┼───────────────────┼───────────┼──────┤
│ pce                │ PCE              │ PCE Price Index   │ ✓         │    1 │
├────────────────────┼──────────────────┼───────────────────┼───────────┼──────┤
│ breakeven_10y      │ T10YIE           │ 10Y Breakeven     │ ✓         │   60 │
│                    │                  │ Inflation         │           │      │
├────────────────────┼──────────────────┼───────────────────┼───────────┼──────┤
│ m2                 │ M2SL             │ M2 Money Supply   │ ✓         │    2 │
├────────────────────┼──────────────────┼───────────────────┼───────────┼──────┤
│ m2_yoy             │ M2SL             │ M2 YoY Growth     │ ✓         │    2 │
├────────────────────┼──────────────────┼───────────────────┼───────────┼──────┤
│ bank_credit        │ TOTBKCR          │ Total Bank Credit │ ✓         │   11 │
├────────────────────┼──────────────────┼───────────────────┼───────────┼──────┤
│ housing_starts     │ HOUST            │ Housing Starts    │ ✓         │    1 │
├────────────────────┼──────────────────┼───────────────────┼───────────┼──────┤
│ case_shiller       │ CSUSHPISA        │ Case-Shiller HPI  │ ✓         │    1 │
├────────────────────┼──────────────────┼───────────────────┼───────────┼──────┤
│ trade_weighted_usd │ DTWEXBGS         │ Trade-Weighted    │ ✓         │   57 │
│                    │                  │ USD               │           │      │
├────────────────────┼──────────────────┼───────────────────┼───────────┼──────┤
│ oil_wti            │ DCOILWTICO       │ WTI Crude Oil     │ ✓         │   58 │
│                    │                  │ Price             │           │      │
├────────────────────┼──────────────────┼───────────────────┼───────────┼──────┤
│ gold               │ GOLDAMGBD228NLBM │ Gold Price        │ ⚠ NO DATA │    0 │
│                    │                  │ (London)          │           │      │
└────────────────────┴──────────────────┴───────────────────┴───────────┴──────┘
2026-03-12 16:07:14.247 | INFO     | __main__:compute_derived_series:275 - Computing derived series...
2026-03-12 16:07:14.260 | INFO     | __main__:compute_derived_series:309 - Derived series computed.

Pipeline complete.
Feed: OK
Regime: RISK_ON_ELEVATED_VOL (+0.28)
Classifier: OK
Pipeline finished: Thu Mar 12 16:07:14 PST 2026
